<?xml version="1.0" encoding="UTF-8"?>
<Site BuildName="(empty)"
	BuildStamp="20240112-1155-Experimental"
	Name="(empty)"
	Generator="ctest-3.22.1"
	CompilerName=""
	CompilerVersion=""
	OSName="Linux"
	Hostname="mio"
	OSRelease="6.5.0-14-generic"
	OSVersion="#14~22.04.1-Ubuntu SMP PREEMPT_DYNAMIC Mon Nov 20 18:15:30 UTC 2"
	OSPlatform="x86_64"
	Is64Bits="1"
	VendorString="GenuineIntel"
	VendorID="Intel Corporation"
	FamilyID="6"
	ModelID="141"
	ProcessorCacheSize="24576"
	NumberOfLogicalCPU="4"
	NumberOfPhysicalCPU="4"
	TotalVirtualMemory="3897"
	TotalPhysicalMemory="3870"
	LogicalProcessorsPerPhysical="1"
	ProcessorClockFrequency="2304"
	>
	<Testing>
		<StartDateTime>Jan 12 21:17 CST</StartDateTime>
		<StartTestTime>1705065472</StartTestTime>
		<TestList/>
		<EndDateTime>Jan 12 21:17 CST</EndDateTime>
		<EndTestTime>1705065472</EndTestTime>
		<ElapsedMinutes>0</ElapsedMinutes>
	</Testing>
</Site>
